<?xml version="1.0" encoding="UTF-8"?>
<testng-results ignored="0" total="1" passed="1" failed="0" skipped="0">
  <reporter-output>
  </reporter-output>
  <suite started-at="2020-12-15T20:35:31 EST" name="Tests" finished-at="2020-12-15T20:35:43 EST" duration-ms="12040">
    <groups>
    </groups>
    <test started-at="2020-12-15T20:35:31 EST" name="FunctionalTest" finished-at="2020-12-15T20:35:43 EST" duration-ms="12040">
      <class name="testcases.VerifyOfferOnLogin">
        <test-method is-config="true" signature="setUp()[pri:0, instance:testcases.VerifyOfferOnLogin@87a85e1]" started-at="2020-12-15T20:35:31 EST" name="setUp" finished-at="2020-12-15T20:35:34 EST" duration-ms="2974" status="PASS">
          <reporter-output>
          </reporter-output>
        </test-method> <!-- setUp -->
        <test-method signature="verifyOfferOnLogin()[pri:0, instance:testcases.VerifyOfferOnLogin@87a85e1]" started-at="2020-12-15T20:35:34 EST" name="verifyOfferOnLogin" finished-at="2020-12-15T20:35:43 EST" duration-ms="8834" status="PASS">
          <reporter-output>
          </reporter-output>
        </test-method> <!-- verifyOfferOnLogin -->
        <test-method is-config="true" signature="tearDown()[pri:0, instance:testcases.VerifyOfferOnLogin@87a85e1]" started-at="2020-12-15T20:35:43 EST" name="tearDown" finished-at="2020-12-15T20:35:43 EST" duration-ms="175" status="PASS">
          <reporter-output>
          </reporter-output>
        </test-method> <!-- tearDown -->
      </class> <!-- testcases.VerifyOfferOnLogin -->
    </test> <!-- FunctionalTest -->
  </suite> <!-- Tests -->
</testng-results>
