<?xml version="1.0" encoding="UTF-8"?>
<testng-results ignored="0" total="1" passed="1" failed="0" skipped="0">
  <reporter-output>
  </reporter-output>
  <suite started-at="2020-12-13T22:10:48 EST" name="Tests" finished-at="2020-12-13T22:10:55 EST" duration-ms="7503">
    <groups>
    </groups>
    <test started-at="2020-12-13T22:10:48 EST" name="FunctionalTest" finished-at="2020-12-13T22:10:55 EST" duration-ms="7503">
      <class name="testcases.CredifyTestCase">
        <test-method is-config="true" signature="setUp()[pri:0, instance:testcases.CredifyTestCase@236e3f4e]" started-at="2020-12-13T22:10:48 EST" name="setUp" finished-at="2020-12-13T22:10:51 EST" duration-ms="3208" status="PASS">
          <reporter-output>
          </reporter-output>
        </test-method> <!-- setUp -->
        <test-method signature="verifyHomePageTitleTest()[pri:0, instance:testcases.CredifyTestCase@236e3f4e]" started-at="2020-12-13T22:10:51 EST" name="verifyHomePageTitleTest" finished-at="2020-12-13T22:10:55 EST" duration-ms="4235" status="PASS">
          <reporter-output>
          </reporter-output>
        </test-method> <!-- verifyHomePageTitleTest -->
      </class> <!-- testcases.CredifyTestCase -->
    </test> <!-- FunctionalTest -->
  </suite> <!-- Tests -->
</testng-results>
